<?xml version="1.0" encoding="UTF-8"?>
<testng-results ignored="0" total="18" passed="17" failed="1" skipped="0">
  <reporter-output>
  </reporter-output>
  <suite started-at="2022-04-03T10:36:16 IST" name="Classic Free CRM Application Test Automation Test Suite" finished-at="2022-04-03T10:42:08 IST" duration-ms="352204">
    <groups>
    </groups>
    <test started-at="2022-04-03T10:36:16 IST" name="Classic Free CRM App Test Cases" finished-at="2022-04-03T10:42:08 IST" duration-ms="352204">
      <class name="com.crm.qa.testcases.ContactPageTest">
        <test-method is-config="true" signature="setUp()[pri:0, instance:com.crm.qa.testcases.ContactPageTest@470734c3]" started-at="2022-04-03T10:38:45 IST" name="setUp" finished-at="2022-04-03T10:39:02 IST" duration-ms="16556" status="PASS">
          <reporter-output>
          </reporter-output>
        </test-method> <!-- setUp -->
        <test-method signature="clickoncontactlabelTest()[pri:1, instance:com.crm.qa.testcases.ContactPageTest@470734c3]" started-at="2022-04-03T10:39:02 IST" name="clickoncontactlabelTest" finished-at="2022-04-03T10:39:02 IST" duration-ms="28" status="PASS">
          <reporter-output>
          </reporter-output>
        </test-method> <!-- clickoncontactlabelTest -->
        <test-method is-config="true" signature="tearDown()[pri:0, instance:com.crm.qa.testcases.ContactPageTest@470734c3]" started-at="2022-04-03T10:39:02 IST" name="tearDown" finished-at="2022-04-03T10:39:02 IST" duration-ms="284" status="PASS">
          <reporter-output>
          </reporter-output>
        </test-method> <!-- tearDown -->
        <test-method is-config="true" signature="setUp()[pri:0, instance:com.crm.qa.testcases.ContactPageTest@470734c3]" started-at="2022-04-03T10:39:02 IST" name="setUp" finished-at="2022-04-03T10:39:19 IST" duration-ms="16453" status="PASS">
          <reporter-output>
          </reporter-output>
        </test-method> <!-- setUp -->
        <test-method signature="selectSinglecontactTest()[pri:2, instance:com.crm.qa.testcases.ContactPageTest@470734c3]" started-at="2022-04-03T10:39:19 IST" name="selectSinglecontactTest" finished-at="2022-04-03T10:39:19 IST" duration-ms="85" status="PASS">
          <reporter-output>
          </reporter-output>
        </test-method> <!-- selectSinglecontactTest -->
        <test-method is-config="true" signature="tearDown()[pri:0, instance:com.crm.qa.testcases.ContactPageTest@470734c3]" started-at="2022-04-03T10:39:19 IST" name="tearDown" finished-at="2022-04-03T10:39:19 IST" duration-ms="308" status="PASS">
          <reporter-output>
          </reporter-output>
        </test-method> <!-- tearDown -->
        <test-method is-config="true" signature="setUp()[pri:0, instance:com.crm.qa.testcases.ContactPageTest@470734c3]" started-at="2022-04-03T10:39:19 IST" name="setUp" finished-at="2022-04-03T10:39:35 IST" duration-ms="15973" status="PASS">
          <reporter-output>
          </reporter-output>
        </test-method> <!-- setUp -->
        <test-method signature="selectMutiplecontactsTest()[pri:3, instance:com.crm.qa.testcases.ContactPageTest@470734c3]" started-at="2022-04-03T10:39:35 IST" name="selectMutiplecontactsTest" finished-at="2022-04-03T10:39:35 IST" duration-ms="153" status="PASS">
          <reporter-output>
          </reporter-output>
        </test-method> <!-- selectMutiplecontactsTest -->
        <test-method is-config="true" signature="tearDown()[pri:0, instance:com.crm.qa.testcases.ContactPageTest@470734c3]" started-at="2022-04-03T10:39:35 IST" name="tearDown" finished-at="2022-04-03T10:39:35 IST" duration-ms="300" status="PASS">
          <reporter-output>
          </reporter-output>
        </test-method> <!-- tearDown -->
        <test-method is-config="true" signature="setUp()[pri:0, instance:com.crm.qa.testcases.ContactPageTest@470734c3]" started-at="2022-04-03T10:39:36 IST" name="setUp" finished-at="2022-04-03T10:39:53 IST" duration-ms="16334" status="PASS">
          <reporter-output>
          </reporter-output>
        </test-method> <!-- setUp -->
        <test-method signature="createnewcontactTest(java.lang.String,java.lang.String,java.lang.String,java.lang.String)[pri:4, instance:com.crm.qa.testcases.ContactPageTest@470734c3]" started-at="2022-04-03T10:39:53 IST" name="createnewcontactTest" data-provider="getCrmTestData" finished-at="2022-04-03T10:39:58 IST" duration-ms="5097" status="PASS">
          <params>
            <param index="0">
              <value>
                <![CDATA[Dr.]]>
              </value>
            </param>
            <param index="1">
              <value>
                <![CDATA[Aajay ]]>
              </value>
            </param>
            <param index="2">
              <value>
                <![CDATA[Kumar Dinne]]>
              </value>
            </param>
            <param index="3">
              <value>
                <![CDATA[Amazon]]>
              </value>
            </param>
          </params>
          <reporter-output>
          </reporter-output>
        </test-method> <!-- createnewcontactTest -->
        <test-method is-config="true" signature="tearDown()[pri:0, instance:com.crm.qa.testcases.ContactPageTest@470734c3]" started-at="2022-04-03T10:39:58 IST" name="tearDown" finished-at="2022-04-03T10:39:58 IST" duration-ms="335" status="PASS">
          <reporter-output>
          </reporter-output>
        </test-method> <!-- tearDown -->
        <test-method is-config="true" signature="setUp()[pri:0, instance:com.crm.qa.testcases.ContactPageTest@470734c3]" started-at="2022-04-03T10:39:58 IST" name="setUp" finished-at="2022-04-03T10:40:17 IST" duration-ms="19261" status="PASS">
          <reporter-output>
          </reporter-output>
        </test-method> <!-- setUp -->
        <test-method signature="createnewcontactTest(java.lang.String,java.lang.String,java.lang.String,java.lang.String)[pri:4, instance:com.crm.qa.testcases.ContactPageTest@470734c3]" started-at="2022-04-03T10:40:17 IST" name="createnewcontactTest" data-provider="getCrmTestData" finished-at="2022-04-03T10:40:22 IST" duration-ms="4344" status="PASS">
          <params>
            <param index="0">
              <value>
                <![CDATA[Mr.]]>
              </value>
            </param>
            <param index="1">
              <value>
                <![CDATA[Vimal ]]>
              </value>
            </param>
            <param index="2">
              <value>
                <![CDATA[Singh]]>
              </value>
            </param>
            <param index="3">
              <value>
                <![CDATA[Google]]>
              </value>
            </param>
          </params>
          <reporter-output>
          </reporter-output>
        </test-method> <!-- createnewcontactTest -->
        <test-method is-config="true" signature="tearDown()[pri:0, instance:com.crm.qa.testcases.ContactPageTest@470734c3]" started-at="2022-04-03T10:40:22 IST" name="tearDown" finished-at="2022-04-03T10:40:22 IST" duration-ms="388" status="PASS">
          <reporter-output>
          </reporter-output>
        </test-method> <!-- tearDown -->
        <test-method is-config="true" signature="setUp()[pri:0, instance:com.crm.qa.testcases.ContactPageTest@470734c3]" started-at="2022-04-03T10:40:22 IST" name="setUp" finished-at="2022-04-03T10:40:39 IST" duration-ms="16510" status="PASS">
          <reporter-output>
          </reporter-output>
        </test-method> <!-- setUp -->
        <test-method signature="createnewcontactTest(java.lang.String,java.lang.String,java.lang.String,java.lang.String)[pri:4, instance:com.crm.qa.testcases.ContactPageTest@470734c3]" started-at="2022-04-03T10:40:39 IST" name="createnewcontactTest" data-provider="getCrmTestData" finished-at="2022-04-03T10:40:47 IST" duration-ms="8027" status="PASS">
          <params>
            <param index="0">
              <value>
                <![CDATA[Mr.]]>
              </value>
            </param>
            <param index="1">
              <value>
                <![CDATA[Rohit]]>
              </value>
            </param>
            <param index="2">
              <value>
                <![CDATA[Reddy]]>
              </value>
            </param>
            <param index="3">
              <value>
                <![CDATA[Accenture]]>
              </value>
            </param>
          </params>
          <reporter-output>
          </reporter-output>
        </test-method> <!-- createnewcontactTest -->
        <test-method is-config="true" signature="tearDown()[pri:0, instance:com.crm.qa.testcases.ContactPageTest@470734c3]" started-at="2022-04-03T10:40:47 IST" name="tearDown" finished-at="2022-04-03T10:40:47 IST" duration-ms="308" status="PASS">
          <reporter-output>
          </reporter-output>
        </test-method> <!-- tearDown -->
        <test-method is-config="true" signature="setUp()[pri:0, instance:com.crm.qa.testcases.ContactPageTest@470734c3]" started-at="2022-04-03T10:40:47 IST" name="setUp" finished-at="2022-04-03T10:41:06 IST" duration-ms="19063" status="PASS">
          <reporter-output>
          </reporter-output>
        </test-method> <!-- setUp -->
        <test-method signature="createnewcontactTest(java.lang.String,java.lang.String,java.lang.String,java.lang.String)[pri:4, instance:com.crm.qa.testcases.ContactPageTest@470734c3]" started-at="2022-04-03T10:41:06 IST" name="createnewcontactTest" data-provider="getCrmTestData" finished-at="2022-04-03T10:41:41 IST" duration-ms="35480" status="FAIL">
          <params>
            <param index="0">
              <value>
                <![CDATA[Mr.]]>
              </value>
            </param>
            <param index="1">
              <value>
                <![CDATA[David]]>
              </value>
            </param>
            <param index="2">
              <value>
                <![CDATA[Paul]]>
              </value>
            </param>
            <param index="3">
              <value>
                <![CDATA[Wipro]]>
              </value>
            </param>
          </params>
          <exception class="org.openqa.selenium.ElementNotInteractableException">
            <message>
              <![CDATA[element not interactable
  (Session info: chrome=100.0.4896.60)
Build info: version: '4.1.3', revision: '7b1ebf28ef'
System info: host: 'DESKTOP-IP80BGQ', ip: '192.168.1.12', os.name: 'Windows 10', os.arch: 'amd64', os.version: '10.0', java.version: '16.0.2'
Driver info: org.openqa.selenium.chrome.ChromeDriver
Command: [7b5be4e8435881bdfe8480896081f4ae, clickElement {id=b2b3c247-51d6-476e-8569-232f277a5403}]
Capabilities {acceptInsecureCerts: false, browserName: chrome, browserVersion: 100.0.4896.60, chrome: {chromedriverVersion: 99.0.4844.51 (d537ec02474b5..., userDataDir: C:\Users\dinne\AppData\Loca...}, goog:chromeOptions: {debuggerAddress: localhost:64320}, javascriptEnabled: true, networkConnectionEnabled: false, pageLoadStrategy: normal, platform: WINDOWS, platformName: WINDOWS, proxy: Proxy(), se:cdp: ws://localhost:64320/devtoo..., se:cdpVersion: 100.0.4896.60, setWindowRect: true, strictFileInteractability: false, timeouts: {implicit: 0, pageLoad: 300000, script: 30000}, unhandledPromptBehavior: dismiss and notify, webauthn:extension:credBlob: true, webauthn:extension:largeBlob: true, webauthn:virtualAuthenticators: true}
Element: [[ChromeDriver: chrome on WINDOWS (7b5be4e8435881bdfe8480896081f4ae)] -> xpath: //a[contains(text(), 'New Contact')]]
Session ID: 7b5be4e8435881bdfe8480896081f4ae]]>
            </message>
            <full-stacktrace>
              <![CDATA[org.openqa.selenium.ElementNotInteractableException: element not interactable
  (Session info: chrome=100.0.4896.60)
Build info: version: '4.1.3', revision: '7b1ebf28ef'
System info: host: 'DESKTOP-IP80BGQ', ip: '192.168.1.12', os.name: 'Windows 10', os.arch: 'amd64', os.version: '10.0', java.version: '16.0.2'
Driver info: org.openqa.selenium.chrome.ChromeDriver
Command: [7b5be4e8435881bdfe8480896081f4ae, clickElement {id=b2b3c247-51d6-476e-8569-232f277a5403}]
Capabilities {acceptInsecureCerts: false, browserName: chrome, browserVersion: 100.0.4896.60, chrome: {chromedriverVersion: 99.0.4844.51 (d537ec02474b5..., userDataDir: C:\Users\dinne\AppData\Loca...}, goog:chromeOptions: {debuggerAddress: localhost:64320}, javascriptEnabled: true, networkConnectionEnabled: false, pageLoadStrategy: normal, platform: WINDOWS, platformName: WINDOWS, proxy: Proxy(), se:cdp: ws://localhost:64320/devtoo..., se:cdpVersion: 100.0.4896.60, setWindowRect: true, strictFileInteractability: false, timeouts: {implicit: 0, pageLoad: 300000, script: 30000}, unhandledPromptBehavior: dismiss and notify, webauthn:extension:credBlob: true, webauthn:extension:largeBlob: true, webauthn:virtualAuthenticators: true}
Element: [[ChromeDriver: chrome on WINDOWS (7b5be4e8435881bdfe8480896081f4ae)] -> xpath: //a[contains(text(), 'New Contact')]]
Session ID: 7b5be4e8435881bdfe8480896081f4ae
at java.base/jdk.internal.reflect.NativeConstructorAccessorImpl.newInstance0(Native Method)
at java.base/jdk.internal.reflect.NativeConstructorAccessorImpl.newInstance(NativeConstructorAccessorImpl.java:78)
at java.base/jdk.internal.reflect.DelegatingConstructorAccessorImpl.newInstance(DelegatingConstructorAccessorImpl.java:45)
at java.base/java.lang.reflect.Constructor.newInstanceWithCaller(Constructor.java:499)
at java.base/java.lang.reflect.Constructor.newInstance(Constructor.java:480)
at org.openqa.selenium.remote.codec.w3c.W3CHttpResponseCodec.createException(W3CHttpResponseCodec.java:200)
at org.openqa.selenium.remote.codec.w3c.W3CHttpResponseCodec.decode(W3CHttpResponseCodec.java:133)
at org.openqa.selenium.remote.codec.w3c.W3CHttpResponseCodec.decode(W3CHttpResponseCodec.java:53)
at org.openqa.selenium.remote.HttpCommandExecutor.execute(HttpCommandExecutor.java:184)
at org.openqa.selenium.remote.service.DriverCommandExecutor.invokeExecute(DriverCommandExecutor.java:167)
at org.openqa.selenium.remote.service.DriverCommandExecutor.execute(DriverCommandExecutor.java:142)
at org.openqa.selenium.remote.RemoteWebDriver.execute(RemoteWebDriver.java:567)
at org.openqa.selenium.remote.RemoteWebElement.execute(RemoteWebElement.java:251)
at org.openqa.selenium.remote.RemoteWebElement.click(RemoteWebElement.java:77)
at jdk.internal.reflect.GeneratedMethodAccessor6.invoke(Unknown Source)
at java.base/jdk.internal.reflect.DelegatingMethodAccessorImpl.invoke(DelegatingMethodAccessorImpl.java:43)
at java.base/java.lang.reflect.Method.invoke(Method.java:567)
at org.openqa.selenium.support.events.EventFiringWebDriver$EventFiringWebElement.lambda$new$0(EventFiringWebDriver.java:414)
at jdk.proxy2/jdk.proxy2.$Proxy23.click(Unknown Source)
at org.openqa.selenium.support.events.EventFiringWebDriver$EventFiringWebElement.click(EventFiringWebDriver.java:427)
at jdk.internal.reflect.GeneratedMethodAccessor6.invoke(Unknown Source)
at java.base/jdk.internal.reflect.DelegatingMethodAccessorImpl.invoke(DelegatingMethodAccessorImpl.java:43)
at java.base/java.lang.reflect.Method.invoke(Method.java:567)
at org.openqa.selenium.support.pagefactory.internal.LocatingElementHandler.invoke(LocatingElementHandler.java:52)
at jdk.proxy2/jdk.proxy2.$Proxy22.click(Unknown Source)
at com.crm.qa.pages.HomePage.clickonnewcontactlink(HomePage.java:60)
at com.crm.qa.testcases.ContactPageTest.createnewcontactTest(ContactPageTest.java:73)
at java.base/jdk.internal.reflect.NativeMethodAccessorImpl.invoke0(Native Method)
at java.base/jdk.internal.reflect.NativeMethodAccessorImpl.invoke(NativeMethodAccessorImpl.java:78)
at java.base/jdk.internal.reflect.DelegatingMethodAccessorImpl.invoke(DelegatingMethodAccessorImpl.java:43)
at java.base/java.lang.reflect.Method.invoke(Method.java:567)
at org.testng.internal.invokers.MethodInvocationHelper.invokeMethod(MethodInvocationHelper.java:135)
at org.testng.internal.invokers.TestInvoker.invokeMethod(TestInvoker.java:673)
at org.testng.internal.invokers.TestInvoker.invokeTestMethod(TestInvoker.java:220)
at org.testng.internal.invokers.MethodRunner.runInSequence(MethodRunner.java:50)
at org.testng.internal.invokers.TestInvoker$MethodInvocationAgent.invoke(TestInvoker.java:945)
at org.testng.internal.invokers.TestInvoker.invokeTestMethods(TestInvoker.java:193)
at org.testng.internal.invokers.TestMethodWorker.invokeTestMethods(TestMethodWorker.java:146)
at org.testng.internal.invokers.TestMethodWorker.run(TestMethodWorker.java:128)
at java.base/java.util.ArrayList.forEach(ArrayList.java:1511)
at org.testng.TestRunner.privateRun(TestRunner.java:808)
at org.testng.TestRunner.run(TestRunner.java:603)
at org.testng.SuiteRunner.runTest(SuiteRunner.java:429)
at org.testng.SuiteRunner.runSequentially(SuiteRunner.java:423)
at org.testng.SuiteRunner.privateRun(SuiteRunner.java:383)
at org.testng.SuiteRunner.run(SuiteRunner.java:326)
at org.testng.SuiteRunnerWorker.runSuite(SuiteRunnerWorker.java:52)
at org.testng.SuiteRunnerWorker.run(SuiteRunnerWorker.java:95)
at org.testng.TestNG.runSuitesSequentially(TestNG.java:1249)
at org.testng.TestNG.runSuitesLocally(TestNG.java:1169)
at org.testng.TestNG.runSuites(TestNG.java:1092)
at org.testng.TestNG.run(TestNG.java:1060)
at org.testng.remote.AbstractRemoteTestNG.run(AbstractRemoteTestNG.java:115)
at org.testng.remote.RemoteTestNG.initAndRun(RemoteTestNG.java:251)
at org.testng.remote.RemoteTestNG.main(RemoteTestNG.java:77)
]]>
            </full-stacktrace>
          </exception> <!-- org.openqa.selenium.ElementNotInteractableException -->
          <reporter-output>
          </reporter-output>
        </test-method> <!-- createnewcontactTest -->
        <test-method is-config="true" signature="tearDown()[pri:0, instance:com.crm.qa.testcases.ContactPageTest@470734c3]" started-at="2022-04-03T10:41:41 IST" name="tearDown" finished-at="2022-04-03T10:41:42 IST" duration-ms="244" status="PASS">
          <reporter-output>
          </reporter-output>
        </test-method> <!-- tearDown -->
        <test-method is-config="true" signature="setUp()[pri:0, instance:com.crm.qa.testcases.ContactPageTest@470734c3]" started-at="2022-04-03T10:41:42 IST" name="setUp" finished-at="2022-04-03T10:42:00 IST" duration-ms="18184" status="PASS">
          <reporter-output>
          </reporter-output>
        </test-method> <!-- setUp -->
        <test-method signature="createnewcontactTest(java.lang.String,java.lang.String,java.lang.String,java.lang.String)[pri:4, instance:com.crm.qa.testcases.ContactPageTest@470734c3]" started-at="2022-04-03T10:42:00 IST" name="createnewcontactTest" data-provider="getCrmTestData" finished-at="2022-04-03T10:42:08 IST" duration-ms="7865" status="PASS">
          <params>
            <param index="0">
              <value>
                <![CDATA[Mr.]]>
              </value>
            </param>
            <param index="1">
              <value>
                <![CDATA[Rana]]>
              </value>
            </param>
            <param index="2">
              <value>
                <![CDATA[Pratap]]>
              </value>
            </param>
            <param index="3">
              <value>
                <![CDATA[Infosys]]>
              </value>
            </param>
          </params>
          <reporter-output>
          </reporter-output>
        </test-method> <!-- createnewcontactTest -->
        <test-method is-config="true" signature="tearDown()[pri:0, instance:com.crm.qa.testcases.ContactPageTest@470734c3]" started-at="2022-04-03T10:42:08 IST" name="tearDown" finished-at="2022-04-03T10:42:08 IST" duration-ms="310" status="PASS">
          <reporter-output>
          </reporter-output>
        </test-method> <!-- tearDown -->
      </class> <!-- com.crm.qa.testcases.ContactPageTest -->
      <class name="com.crm.qa.testcases.HomePageTest">
        <test-method is-config="true" signature="setUp()[pri:0, instance:com.crm.qa.testcases.HomePageTest@8f2ef19]" started-at="2022-04-03T10:37:01 IST" name="setUp" finished-at="2022-04-03T10:37:16 IST" duration-ms="15608" status="PASS">
          <reporter-output>
          </reporter-output>
        </test-method> <!-- setUp -->
        <test-method signature="usernamedisplayedTest()[pri:1, instance:com.crm.qa.testcases.HomePageTest@8f2ef19]" started-at="2022-04-03T10:37:16 IST" name="usernamedisplayedTest" finished-at="2022-04-03T10:37:16 IST" duration-ms="71" status="PASS">
          <reporter-output>
          </reporter-output>
        </test-method> <!-- usernamedisplayedTest -->
        <test-method is-config="true" signature="tearDown()[pri:0, instance:com.crm.qa.testcases.HomePageTest@8f2ef19]" started-at="2022-04-03T10:37:16 IST" name="tearDown" finished-at="2022-04-03T10:37:17 IST" duration-ms="308" status="PASS">
          <reporter-output>
          </reporter-output>
        </test-method> <!-- tearDown -->
        <test-method is-config="true" signature="setUp()[pri:0, instance:com.crm.qa.testcases.HomePageTest@8f2ef19]" started-at="2022-04-03T10:37:17 IST" name="setUp" finished-at="2022-04-03T10:37:34 IST" duration-ms="17000" status="PASS">
          <reporter-output>
          </reporter-output>
        </test-method> <!-- setUp -->
        <test-method signature="clickoncontactslink()[pri:2, instance:com.crm.qa.testcases.HomePageTest@8f2ef19]" started-at="2022-04-03T10:37:34 IST" name="clickoncontactslink" finished-at="2022-04-03T10:37:35 IST" duration-ms="1267" status="PASS">
          <reporter-output>
          </reporter-output>
        </test-method> <!-- clickoncontactslink -->
        <test-method is-config="true" signature="tearDown()[pri:0, instance:com.crm.qa.testcases.HomePageTest@8f2ef19]" started-at="2022-04-03T10:37:35 IST" name="tearDown" finished-at="2022-04-03T10:37:35 IST" duration-ms="284" status="PASS">
          <reporter-output>
          </reporter-output>
        </test-method> <!-- tearDown -->
        <test-method is-config="true" signature="setUp()[pri:0, instance:com.crm.qa.testcases.HomePageTest@8f2ef19]" started-at="2022-04-03T10:37:35 IST" name="setUp" finished-at="2022-04-03T10:37:50 IST" duration-ms="14449" status="PASS">
          <reporter-output>
          </reporter-output>
        </test-method> <!-- setUp -->
        <test-method signature="clickondealslink()[pri:3, instance:com.crm.qa.testcases.HomePageTest@8f2ef19]" started-at="2022-04-03T10:37:50 IST" name="clickondealslink" finished-at="2022-04-03T10:37:51 IST" duration-ms="1221" status="PASS">
          <reporter-output>
          </reporter-output>
        </test-method> <!-- clickondealslink -->
        <test-method is-config="true" signature="tearDown()[pri:0, instance:com.crm.qa.testcases.HomePageTest@8f2ef19]" started-at="2022-04-03T10:37:51 IST" name="tearDown" finished-at="2022-04-03T10:37:51 IST" duration-ms="312" status="PASS">
          <reporter-output>
          </reporter-output>
        </test-method> <!-- tearDown -->
        <test-method is-config="true" signature="setUp()[pri:0, instance:com.crm.qa.testcases.HomePageTest@8f2ef19]" started-at="2022-04-03T10:37:51 IST" name="setUp" finished-at="2022-04-03T10:38:08 IST" duration-ms="16885" status="PASS">
          <reporter-output>
          </reporter-output>
        </test-method> <!-- setUp -->
        <test-method signature="clickontaskslinkTest()[pri:4, instance:com.crm.qa.testcases.HomePageTest@8f2ef19]" started-at="2022-04-03T10:38:08 IST" name="clickontaskslinkTest" finished-at="2022-04-03T10:38:09 IST" duration-ms="1296" status="PASS">
          <reporter-output>
          </reporter-output>
        </test-method> <!-- clickontaskslinkTest -->
        <test-method is-config="true" signature="tearDown()[pri:0, instance:com.crm.qa.testcases.HomePageTest@8f2ef19]" started-at="2022-04-03T10:38:09 IST" name="tearDown" finished-at="2022-04-03T10:38:10 IST" duration-ms="320" status="PASS">
          <reporter-output>
          </reporter-output>
        </test-method> <!-- tearDown -->
        <test-method is-config="true" signature="setUp()[pri:0, instance:com.crm.qa.testcases.HomePageTest@8f2ef19]" started-at="2022-04-03T10:38:10 IST" name="setUp" finished-at="2022-04-03T10:38:29 IST" duration-ms="19775" status="PASS">
          <reporter-output>
          </reporter-output>
        </test-method> <!-- setUp -->
        <test-method signature="homepagetitleTest()[pri:5, instance:com.crm.qa.testcases.HomePageTest@8f2ef19]" started-at="2022-04-03T10:38:29 IST" name="homepagetitleTest" finished-at="2022-04-03T10:38:29 IST" duration-ms="7" status="PASS">
          <reporter-output>
          </reporter-output>
        </test-method> <!-- homepagetitleTest -->
        <test-method is-config="true" signature="tearDown()[pri:0, instance:com.crm.qa.testcases.HomePageTest@8f2ef19]" started-at="2022-04-03T10:38:29 IST" name="tearDown" finished-at="2022-04-03T10:38:30 IST" duration-ms="290" status="PASS">
          <reporter-output>
          </reporter-output>
        </test-method> <!-- tearDown -->
        <test-method is-config="true" signature="setUp()[pri:0, instance:com.crm.qa.testcases.HomePageTest@8f2ef19]" started-at="2022-04-03T10:38:30 IST" name="setUp" finished-at="2022-04-03T10:38:45 IST" duration-ms="15063" status="PASS">
          <reporter-output>
          </reporter-output>
        </test-method> <!-- setUp -->
        <test-method signature="helplinkTest()[pri:6, instance:com.crm.qa.testcases.HomePageTest@8f2ef19]" started-at="2022-04-03T10:38:45 IST" name="helplinkTest" finished-at="2022-04-03T10:38:45 IST" duration-ms="193" status="PASS">
          <reporter-output>
          </reporter-output>
        </test-method> <!-- helplinkTest -->
        <test-method is-config="true" signature="tearDown()[pri:0, instance:com.crm.qa.testcases.HomePageTest@8f2ef19]" started-at="2022-04-03T10:38:45 IST" name="tearDown" finished-at="2022-04-03T10:38:45 IST" duration-ms="323" status="PASS">
          <reporter-output>
          </reporter-output>
        </test-method> <!-- tearDown -->
      </class> <!-- com.crm.qa.testcases.HomePageTest -->
      <class name="com.crm.qa.testcases.LoginPageTest">
        <test-method is-config="true" signature="setUp()[pri:0, instance:com.crm.qa.testcases.LoginPageTest@4d154ccd]" started-at="2022-04-03T10:36:16 IST" name="setUp" finished-at="2022-04-03T10:36:26 IST" duration-ms="10028" status="PASS">
          <reporter-output>
          </reporter-output>
        </test-method> <!-- setUp -->
        <test-method signature="titleTest()[pri:1, instance:com.crm.qa.testcases.LoginPageTest@4d154ccd]" started-at="2022-04-03T10:36:26 IST" name="titleTest" finished-at="2022-04-03T10:36:26 IST" duration-ms="18" status="PASS">
          <reporter-output>
          </reporter-output>
        </test-method> <!-- titleTest -->
        <test-method is-config="true" signature="tearDown()[pri:0, instance:com.crm.qa.testcases.LoginPageTest@4d154ccd]" started-at="2022-04-03T10:36:26 IST" name="tearDown" finished-at="2022-04-03T10:36:26 IST" duration-ms="316" status="PASS">
          <reporter-output>
          </reporter-output>
        </test-method> <!-- tearDown -->
        <test-method is-config="true" signature="setUp()[pri:0, instance:com.crm.qa.testcases.LoginPageTest@4d154ccd]" started-at="2022-04-03T10:36:26 IST" name="setUp" finished-at="2022-04-03T10:36:35 IST" duration-ms="8461" status="PASS">
          <reporter-output>
          </reporter-output>
        </test-method> <!-- setUp -->
        <test-method signature="logoTest()[pri:2, instance:com.crm.qa.testcases.LoginPageTest@4d154ccd]" started-at="2022-04-03T10:36:35 IST" name="logoTest" finished-at="2022-04-03T10:36:35 IST" duration-ms="61" status="PASS">
          <reporter-output>
          </reporter-output>
        </test-method> <!-- logoTest -->
        <test-method is-config="true" signature="tearDown()[pri:0, instance:com.crm.qa.testcases.LoginPageTest@4d154ccd]" started-at="2022-04-03T10:36:35 IST" name="tearDown" finished-at="2022-04-03T10:36:35 IST" duration-ms="312" status="PASS">
          <reporter-output>
          </reporter-output>
        </test-method> <!-- tearDown -->
        <test-method is-config="true" signature="setUp()[pri:0, instance:com.crm.qa.testcases.LoginPageTest@4d154ccd]" started-at="2022-04-03T10:36:35 IST" name="setUp" finished-at="2022-04-03T10:36:44 IST" duration-ms="8601" status="PASS">
          <reporter-output>
          </reporter-output>
        </test-method> <!-- setUp -->
        <test-method signature="forgetpasswordTest()[pri:3, instance:com.crm.qa.testcases.LoginPageTest@4d154ccd]" started-at="2022-04-03T10:36:44 IST" name="forgetpasswordTest" finished-at="2022-04-03T10:36:45 IST" duration-ms="1724" status="PASS">
          <reporter-output>
          </reporter-output>
        </test-method> <!-- forgetpasswordTest -->
        <test-method is-config="true" signature="tearDown()[pri:0, instance:com.crm.qa.testcases.LoginPageTest@4d154ccd]" started-at="2022-04-03T10:36:45 IST" name="tearDown" finished-at="2022-04-03T10:36:46 IST" duration-ms="266" status="PASS">
          <reporter-output>
          </reporter-output>
        </test-method> <!-- tearDown -->
        <test-method is-config="true" signature="setUp()[pri:0, instance:com.crm.qa.testcases.LoginPageTest@4d154ccd]" started-at="2022-04-03T10:36:46 IST" name="setUp" finished-at="2022-04-03T10:36:54 IST" duration-ms="8165" status="PASS">
          <reporter-output>
          </reporter-output>
        </test-method> <!-- setUp -->
        <test-method signature="SigninpageTest()[pri:4, instance:com.crm.qa.testcases.LoginPageTest@4d154ccd]" started-at="2022-04-03T10:36:54 IST" name="SigninpageTest" finished-at="2022-04-03T10:37:00 IST" duration-ms="6529" status="PASS">
          <reporter-output>
          </reporter-output>
        </test-method> <!-- SigninpageTest -->
        <test-method is-config="true" signature="tearDown()[pri:0, instance:com.crm.qa.testcases.LoginPageTest@4d154ccd]" started-at="2022-04-03T10:37:00 IST" name="tearDown" finished-at="2022-04-03T10:37:01 IST" duration-ms="257" status="PASS">
          <reporter-output>
          </reporter-output>
        </test-method> <!-- tearDown -->
      </class> <!-- com.crm.qa.testcases.LoginPageTest -->
    </test> <!-- Classic Free CRM App Test Cases -->
  </suite> <!-- Classic Free CRM Application Test Automation Test Suite -->
</testng-results>
